<?xml version="1.0" encoding="UTF-8"?>
<!-- Generated by org.testng.reporters.JUnitReportReporter -->
<testsuite hostname="BLR1-LP34YG622" name="com.sv.testng.LoginTest" tests="2" failures="0" timestamp="8 Apr 2018 08:31:23 GMT" time="87.523" errors="0">
  <testcase name="TestCase1" time="42.908" classname="com.sv.testng.LoginTest"/>
  <testcase name="TestCase1" time="44.615" classname="com.sv.testng.LoginTest"/>
</testsuite> <!-- com.sv.testng.LoginTest -->
